2025-05-18 17:55:48,802 - MapWidget - INFO - MapWidgetの初期化が完了しました
2025-05-18 17:56:02,689 - MapWidget - INFO - マップデータの読み込みを開始: /Users/eightman/Documents/Paradox Interactive/Hearts of Iron IV/mod/SSW_mod
2025-05-18 17:56:05,681 - MapWidget - INFO - マップデータの読み込みをキャンセルしました
2025-05-18 17:56:05,681 - MapWidget - INFO - マップデータの読み込みが完了しました
2025-05-18 17:56:05,790 - MapWidget - INFO - マップ画像のサイズ: 5640x2055
2025-05-18 17:56:06,893 - MapWidget - INFO - プロヴィンス画像の作成が完了しました
2025-05-18 17:57:31,538 - MapWidget - INFO - マップデータの読み込みを開始: /Users/eightman/Documents/Paradox Interactive/Hearts of Iron IV/mod/Day-of-Wrath
2025-05-18 17:57:33,983 - MapWidget - INFO - マップデータの読み込みをキャンセルしました
2025-05-18 17:57:33,983 - MapWidget - INFO - マップデータの読み込みが完了しました
2025-05-18 17:57:34,110 - MapWidget - INFO - マップ画像のサイズ: 5640x2055
2025-05-18 17:57:35,213 - MapWidget - INFO - プロヴィンス画像の作成が完了しました
2025-05-18 17:58:12,196 - MapWidget - INFO - マップデータの読み込みを開始: /Users/eightman/Documents/Paradox Interactive/Hearts of Iron IV/mod/BSM/HOI4-Bakasekaitizu-MOD/bakasekai
2025-05-18 17:58:14,981 - MapWidget - INFO - マップデータの読み込みをキャンセルしました
2025-05-18 17:58:14,981 - MapWidget - INFO - マップデータの読み込みが完了しました
2025-05-18 17:58:15,184 - MapWidget - INFO - マップ画像のサイズ: 5640x2565
2025-05-18 17:58:16,962 - MapWidget - INFO - プロヴィンス画像の作成が完了しました
2025-05-18 17:58:55,298 - MapWidget - INFO - マップデータの読み込みを開始: /Users/eightman/Documents/Paradox Interactive/Hearts of Iron IV/mod/SSW_mod
2025-05-18 17:58:58,081 - MapWidget - INFO - マップデータの読み込みをキャンセルしました
2025-05-18 17:58:58,081 - MapWidget - INFO - マップデータの読み込みが完了しました
2025-05-18 17:58:58,346 - MapWidget - INFO - マップ画像のサイズ: 5640x2565
2025-05-18 17:59:00,537 - MapWidget - INFO - プロヴィンス画像の作成が完了しました
