2025-05-18 17:44:31,232 - MapData - INFO - マップデータの読み込みを開始: /Users/eightman/Documents/Paradox Interactive/Hearts of Iron IV/mod/SSW_mod
2025-05-18 17:44:31,233 - MapData - INFO - プロヴィンス定義ファイルを読み込み中: /Users/eightman/Documents/Paradox Interactive/Hearts of Iron IV/mod/SSW_mod/map/definition.csv
2025-05-18 17:44:31,234 - MapData - DEBUG - プロヴィンス定義を読み込み: ID=1, RGB=(230,81,119), タイプ=lake, 沿岸=False
2025-05-18 17:44:31,234 - MapData - DEBUG - プロヴィンス定義を読み込み: ID=2, RGB=(0,0,55), タイプ=land, 沿岸=False
2025-05-18 17:44:31,234 - MapData - DEBUG - プロヴィンス定義を読み込み: ID=3, RGB=(0,0,205), タイプ=land, 沿岸=False
2025-05-18 17:44:31,234 - MapData - DEBUG - プロヴィンス定義を読み込み: ID=4, RGB=(0,0,232), タイプ=sea, 沿岸=True
2025-05-18 17:44:31,234 - MapData - DEBUG - プロヴィンス定義を読み込み: ID=5, RGB=(0,2,240), タイプ=sea, 沿岸=False
2025-05-18 17:44:31,235 - MapData - DEBUG - プロヴィンス定義を読み込み: ID=6, RGB=(0,3,20), タイプ=land, 沿岸=False
2025-05-18 17:44:31,235 - MapData - DEBUG - プロヴィンス定義を読み込み: ID=7, RGB=(0,3,170), タイプ=land, 沿岸=False
2025-05-18 17:44:31,235 - MapData - DEBUG - プロヴィンス定義を読み込み: ID=8, RGB=(0,3,225), タイプ=land, 沿岸=False
2025-05-18 17:44:31,235 - MapData - DEBUG - プロヴィンス定義を読み込み: ID=9, RGB=(0,4,248), タイプ=sea, 沿岸=False
2025-05-18 17:44:31,236 - MapData - DEBUG - プロヴィンス定義を読み込み: ID=10, RGB=(0,6,85), タイプ=land, 沿岸=False
2025-05-18 17:44:31,236 - MapData - DEBUG - プロヴィンス定義を読み込み: ID=11, RGB=(0,6,135), タイプ=land, 沿岸=False
2025-05-18 17:44:31,236 - MapData - DEBUG - プロヴィンス定義を読み込み: ID=12, RGB=(0,6,190), タイプ=land, 沿岸=False
2025-05-18 17:44:31,236 - MapData - DEBUG - プロヴィンス定義を読み込み: ID=13, RGB=(0,8,244), タイプ=sea, 沿岸=False
2025-05-18 17:44:31,236 - MapData - DEBUG - プロヴィンス定義を読み込み: ID=14, RGB=(0,9,155), タイプ=land, 沿岸=True
2025-05-18 17:44:31,236 - MapData - DEBUG - プロヴィンス定義を読み込み: ID=15, RGB=(0,9,200), タイプ=land, 沿岸=False
2025-05-18 17:44:31,237 - MapData - DEBUG - プロヴィンス定義を読み込み: ID=16, RGB=(0,10,232), タイプ=sea, 沿岸=True
2025-05-18 17:44:31,237 - MapData - DEBUG - プロヴィンス定義を読み込み: ID=17, RGB=(0,12,15), タイプ=land, 沿岸=False
2025-05-18 17:44:31,237 - MapData - DEBUG - プロヴィンス定義を読み込み: ID=18, RGB=(0,12,165), タイプ=land, 沿岸=False
2025-05-18 17:44:31,237 - MapData - DEBUG - プロヴィンス定義を読み込み: ID=19, RGB=(0,12,240), タイプ=sea, 沿岸=False
2025-05-18 17:44:31,237 - MapData - DEBUG - プロヴィンス定義を読み込み: ID=20, RGB=(0,14,248), タイプ=sea, 沿岸=True
2025-05-18 17:44:31,237 - MapData - DEBUG - プロヴィンス定義を読み込み: ID=21, RGB=(0,15,80), タイプ=land, 沿岸=True
2025-05-18 17:44:31,237 - MapData - DEBUG - プロヴィンス定義を読み込み: ID=22, RGB=(0,15,130), タイプ=land, 沿岸=True
2025-05-18 17:44:31,238 - MapData - DEBUG - プロヴィンス定義を読み込み: ID=23, RGB=(0,15,185), タイプ=land, 沿岸=False
2025-05-18 17:44:31,238 - MapData - DEBUG - プロヴィンス定義を読み込み: ID=24, RGB=(0,15,236), タイプ=sea, 沿岸=True
2025-05-18 17:44:31,238 - MapData - DEBUG - プロヴィンス定義を読み込み: ID=25, RGB=(0,17,244), タイプ=sea, 沿岸=False
2025-05-18 17:44:31,238 - MapData - DEBUG - プロヴィンス定義を読み込み: ID=26, RGB=(0,18,45), タイプ=land, 沿岸=False
2025-05-18 17:44:31,238 - MapData - DEBUG - プロヴィンス定義を読み込み: ID=27, RGB=(0,18,150), タイプ=land, 沿岸=False
2025-05-18 17:44:31,238 - MapData - DEBUG - プロヴィンス定義を読み込み: ID=28, RGB=(0,19,240), タイプ=sea, 沿岸=True
2025-05-18 17:44:31,239 - MapData - DEBUG - プロヴィンス定義を読み込み: ID=29, RGB=(0,20,248), タイプ=sea, 沿岸=False
2025-05-18 17:44:31,239 - MapData - DEBUG - プロヴィンス定義を読み込み: ID=30, RGB=(0,21,10), タイプ=land, 沿岸=False
2025-05-18 17:44:31,239 - MapData - DEBUG - プロヴィンス定義を読み込み: ID=31, RGB=(0,21,65), タイプ=land, 沿岸=False
2025-05-18 17:44:31,239 - MapData - DEBUG - プロヴィンス定義を読み込み: ID=32, RGB=(0,21,215), タイプ=land, 沿岸=False
2025-05-18 17:44:31,239 - MapData - DEBUG - プロヴィンス定義を読み込み: ID=33, RGB=(0,22,236), タイプ=sea, 沿岸=False
2025-05-18 17:44:31,239 - MapData - DEBUG - プロヴィンス定義を読み込み: ID=34, RGB=(0,23,244), タイプ=sea, 沿岸=True
2025-05-18 17:44:31,240 - MapData - DEBUG - プロヴィンス定義を読み込み: ID=35, RGB=(0,24,30), タイプ=land, 沿岸=False
2025-05-18 17:44:31,240 - MapData - DEBUG - プロヴィンス定義を読み込み: ID=36, RGB=(0,24,75), タイプ=land, 沿岸=False
2025-05-18 17:44:31,240 - MapData - DEBUG - プロヴィンス定義を読み込み: ID=37, RGB=(0,24,180), タイプ=land, 沿岸=False
2025-05-18 17:44:31,240 - MapData - DEBUG - プロヴィンス定義を読み込み: ID=38, RGB=(0,27,40), タイプ=land, 沿岸=True
2025-05-18 17:44:31,240 - MapData - DEBUG - プロヴィンス定義を読み込み: ID=39, RGB=(0,27,95), タイプ=land, 沿岸=False
2025-05-18 17:44:31,240 - MapData - DEBUG - プロヴィンス定義を読み込み: ID=40, RGB=(0,27,145), タイプ=land, 沿岸=False
2025-05-18 17:44:31,240 - MapData - DEBUG - プロヴィンス定義を読み込み: ID=41, RGB=(0,27,248), タイプ=sea, 沿岸=False
2025-05-18 17:44:31,241 - MapData - DEBUG - プロヴィンス定義を読み込み: ID=42, RGB=(0,28,236), タイプ=sea, 沿岸=False
2025-05-18 17:44:31,241 - MapData - DEBUG - プロヴィンス定義を読み込み: ID=43, RGB=(0,29,244), タイプ=sea, 沿岸=False
2025-05-18 17:44:31,241 - MapData - DEBUG - プロヴィンス定義を読み込み: ID=44, RGB=(0,30,5), タイプ=land, 沿岸=True
2025-05-18 17:44:31,241 - MapData - DEBUG - プロヴィンス定義を読み込み: ID=45, RGB=(0,30,60), タイプ=land, 沿岸=False
2025-05-18 17:44:31,241 - MapData - DEBUG - プロヴィンス定義を読み込み: ID=46, RGB=(0,30,210), タイプ=land, 沿岸=False
2025-05-18 17:44:31,241 - MapData - DEBUG - プロヴィンス定義を読み込み: ID=47, RGB=(0,31,232), タイプ=sea, 沿岸=False
2025-05-18 17:44:31,241 - MapData - DEBUG - プロヴィンス定義を読み込み: ID=48, RGB=(0,32,240), タイプ=sea, 沿岸=True
2025-05-18 17:44:31,241 - MapData - DEBUG - プロヴィンス定義を読み込み: ID=49, RGB=(0,33,25), タイプ=land, 沿岸=False
2025-05-18 17:44:31,241 - MapData - DEBUG - プロヴィンス定義を読み込み: ID=50, RGB=(0,33,248), タイプ=sea, 沿岸=False
2025-05-18 17:44:31,241 - MapData - DEBUG - プロヴィンス定義を読み込み: ID=51, RGB=(0,34,236), タイプ=sea, 沿岸=False
2025-05-18 17:44:31,241 - MapData - DEBUG - プロヴィンス定義を読み込み: ID=52, RGB=(0,36,90), タイプ=land, 沿岸=False
2025-05-18 17:44:31,241 - MapData - DEBUG - プロヴィンス定義を読み込み: ID=53, RGB=(0,36,195), タイプ=land, 沿岸=True
2025-05-18 17:44:31,241 - MapData - DEBUG - プロヴィンス定義を読み込み: ID=54, RGB=(0,36,244), タイプ=sea, 沿岸=False
2025-05-18 17:44:31,242 - MapData - DEBUG - プロヴィンス定義を読み込み: ID=55, RGB=(0,37,232), タイプ=sea, 沿岸=False
2025-05-18 17:44:31,242 - MapData - DEBUG - プロヴィンス定義を読み込み: ID=56, RGB=(0,38,240), タイプ=sea, 沿岸=False
2025-05-18 17:44:31,242 - MapData - DEBUG - プロヴィンス定義を読み込み: ID=57, RGB=(0,39,55), タイプ=land, 沿岸=False
2025-05-18 17:44:31,242 - MapData - DEBUG - プロヴィンス定義を読み込み: ID=58, RGB=(0,39,205), タイプ=land, 沿岸=False
2025-05-18 17:44:31,242 - MapData - DEBUG - プロヴィンス定義を読み込み: ID=59, RGB=(0,39,248), タイプ=sea, 沿岸=False
2025-05-18 17:44:31,242 - MapData - DEBUG - プロヴィンス定義を読み込み: ID=60, RGB=(0,42,20), タイプ=land, 沿岸=False
2025-05-18 17:44:31,242 - MapData - DEBUG - プロヴィンス定義を読み込み: ID=61, RGB=(0,42,170), タイプ=land, 沿岸=False
2025-05-18 17:44:31,242 - MapData - DEBUG - プロヴィンス定義を読み込み: ID=62, RGB=(0,42,225), タイプ=land, 沿岸=False
2025-05-18 17:44:31,243 - MapData - DEBUG - プロヴィンス定義を読み込み: ID=63, RGB=(0,45,85), タイプ=land, 沿岸=False
2025-05-18 17:44:31,243 - MapData - DEBUG - プロヴィンス定義を読み込み: ID=64, RGB=(0,45,135), タイプ=land, 沿岸=True
2025-05-18 17:44:31,243 - MapData - DEBUG - プロヴィンス定義を読み込み: ID=65, RGB=(0,45,190), タイプ=land, 沿岸=True
2025-05-18 17:44:31,243 - MapData - DEBUG - プロヴィンス定義を読み込み: ID=66, RGB=(0,48,50), タイプ=land, 沿岸=True
2025-05-18 17:44:31,243 - MapData - DEBUG - プロヴィンス定義を読み込み: ID=67, RGB=(0,48,155), タイプ=land, 沿岸=False
2025-05-18 17:44:31,243 - MapData - DEBUG - プロヴィンス定義を読み込み: ID=68, RGB=(0,51,15), タイプ=land, 沿岸=True
2025-05-18 17:44:31,243 - MapData - DEBUG - プロヴィンス定義を読み込み: ID=69, RGB=(0,51,70), タイプ=land, 沿岸=False
2025-05-18 17:44:31,243 - MapData - DEBUG - プロヴィンス定義を読み込み: ID=70, RGB=(0,51,220), タイプ=land, 沿岸=False
2025-05-18 17:44:31,243 - MapData - DEBUG - プロヴィンス定義を読み込み: ID=71, RGB=(0,54,35), タイプ=land, 沿岸=False
2025-05-18 17:44:31,243 - MapData - DEBUG - プロヴィンス定義を読み込み: ID=72, RGB=(0,54,185), タイプ=land, 沿岸=False
2025-05-18 17:44:31,243 - MapData - DEBUG - プロヴィンス定義を読み込み: ID=73, RGB=(0,57,0), タイプ=land, 沿岸=False
2025-05-18 17:44:31,243 - MapData - DEBUG - プロヴィンス定義を読み込み: ID=74, RGB=(0,57,45), タイプ=land, 沿岸=False
2025-05-18 17:44:31,243 - MapData - DEBUG - プロヴィンス定義を読み込み: ID=75, RGB=(0,57,150), タイプ=land, 沿岸=False
2025-05-18 17:44:31,243 - MapData - DEBUG - プロヴィンス定義を読み込み: ID=76, RGB=(0,60,10), タイプ=land, 沿岸=False
2025-05-18 17:44:31,243 - MapData - DEBUG - プロヴィンス定義を読み込み: ID=77, RGB=(0,60,65), タイプ=land, 沿岸=False
2025-05-18 17:44:31,243 - MapData - DEBUG - プロヴィンス定義を読み込み: ID=78, RGB=(0,60,215), タイプ=land, 沿岸=False
2025-05-18 17:44:31,243 - MapData - DEBUG - プロヴィンス定義を読み込み: ID=79, RGB=(0,63,30), タイプ=land, 沿岸=False
2025-05-18 17:44:31,243 - MapData - DEBUG - プロヴィンス定義を読み込み: ID=80, RGB=(0,63,180), タイプ=land, 沿岸=False
2025-05-18 17:44:31,243 - MapData - DEBUG - プロヴィンス定義を読み込み: ID=81, RGB=(0,66,95), タイプ=land, 沿岸=False
2025-05-18 17:44:31,244 - MapData - DEBUG - プロヴィンス定義を読み込み: ID=82, RGB=(0,66,145), タイプ=land, 沿岸=False
2025-05-18 17:44:31,244 - MapData - DEBUG - プロヴィンス定義を読み込み: ID=83, RGB=(0,66,200), タイプ=land, 沿岸=True
2025-05-18 17:44:31,244 - MapData - DEBUG - プロヴィンス定義を読み込み: ID=84, RGB=(0,69,60), タイプ=land, 沿岸=False
2025-05-18 17:44:31,244 - MapData - DEBUG - プロヴィンス定義を読み込み: ID=85, RGB=(0,69,165), タイプ=land, 沿岸=False
2025-05-18 17:44:31,244 - MapData - DEBUG - プロヴィンス定義を読み込み: ID=86, RGB=(0,69,210), タイプ=land, 沿岸=True
2025-05-18 17:44:31,244 - MapData - DEBUG - プロヴィンス定義を読み込み: ID=87, RGB=(0,72,25), タイプ=land, 沿岸=False
2025-05-18 17:44:31,244 - MapData - DEBUG - プロヴィンス定義を読み込み: ID=88, RGB=(0,72,130), タイプ=land, 沿岸=False
2025-05-18 17:44:31,244 - MapData - DEBUG - プロヴィンス定義を読み込み: ID=89, RGB=(0,72,175), タイプ=land, 沿岸=False
2025-05-18 17:44:31,244 - MapData - DEBUG - プロヴィンス定義を読み込み: ID=90, RGB=(0,75,90), タイプ=land, 沿岸=False
2025-05-18 17:44:31,244 - MapData - DEBUG - プロヴィンス定義を読み込み: ID=91, RGB=(0,75,140), タイプ=land, 沿岸=True
2025-05-18 17:44:31,244 - MapData - DEBUG - プロヴィンス定義を読み込み: ID=92, RGB=(0,78,55), タイプ=land, 沿岸=False
2025-05-18 17:44:31,244 - MapData - DEBUG - プロヴィンス定義を読み込み: ID=93, RGB=(0,78,160), タイプ=land, 沿岸=False
2025-05-18 17:44:31,244 - MapData - DEBUG - プロヴィンス定義を読み込み: ID=94, RGB=(0,81,20), タイプ=land, 沿岸=True
2025-05-18 17:44:31,244 - MapData - DEBUG - プロヴィンス定義を読み込み: ID=95, RGB=(0,81,75), タイプ=land, 沿岸=False
2025-05-18 17:44:31,244 - MapData - DEBUG - プロヴィンス定義を読み込み: ID=96, RGB=(0,81,225), タイプ=land, 沿岸=False
2025-05-18 17:44:31,244 - MapData - DEBUG - プロヴィンス定義を読み込み: ID=97, RGB=(0,84,40), タイプ=land, 沿岸=False
2025-05-18 17:44:31,244 - MapData - DEBUG - プロヴィンス定義を読み込み: ID=98, RGB=(0,84,85), タイプ=land, 沿岸=True
2025-05-18 17:44:31,244 - MapData - DEBUG - プロヴィンス定義を読み込み: ID=99, RGB=(0,84,190), タイプ=land, 沿岸=False
2025-05-18 17:44:31,244 - MapData - DEBUG - プロヴィンス定義を読み込み: ID=100, RGB=(0,87,5), タイプ=land, 沿岸=False
2025-05-18 17:44:31,245 - MapData - DEBUG - プロヴィンス定義を読み込み: ID=101, RGB=(0,87,50), タイプ=land, 沿岸=False
2025-05-18 17:44:31,245 - MapData - DEBUG - プロヴィンス定義を読み込み: ID=102, RGB=(0,87,155), タイプ=land, 沿岸=False
2025-05-18 17:44:31,245 - MapData - DEBUG - プロヴィンス定義を読み込み: ID=103, RGB=(0,90,15), タイプ=land, 沿岸=False
2025-05-18 17:44:31,245 - MapData - DEBUG - プロヴィンス定義を読み込み: ID=104, RGB=(0,90,70), タイプ=land, 沿岸=True
2025-05-18 17:44:31,245 - MapData - DEBUG - プロヴィンス定義を読み込み: ID=105, RGB=(0,90,220), タイプ=land, 沿岸=True
2025-05-18 17:44:31,245 - MapData - DEBUG - プロヴィンス定義を読み込み: ID=106, RGB=(0,93,35), タイプ=land, 沿岸=False
2025-05-18 17:44:31,245 - MapData - DEBUG - プロヴィンス定義を読み込み: ID=107, RGB=(0,93,185), タイプ=land, 沿岸=True
2025-05-18 17:44:31,245 - MapData - DEBUG - プロヴィンス定義を読み込み: ID=108, RGB=(0,96,0), タイプ=land, 沿岸=False
2025-05-18 17:44:31,245 - MapData - DEBUG - プロヴィンス定義を読み込み: ID=109, RGB=(0,96,150), タイプ=land, 沿岸=False
2025-05-18 17:44:31,245 - MapData - DEBUG - プロヴィンス定義を読み込み: ID=110, RGB=(0,96,205), タイプ=land, 沿岸=False
2025-05-18 17:44:31,245 - MapData - DEBUG - プロヴィンス定義を読み込み: ID=111, RGB=(0,99,65), タイプ=land, 沿岸=False
2025-05-18 17:44:31,245 - MapData - DEBUG - プロヴィンス定義を読み込み: ID=112, RGB=(0,99,170), タイプ=land, 沿岸=False
2025-05-18 17:44:31,245 - MapData - DEBUG - プロヴィンス定義を読み込み: ID=113, RGB=(0,102,30), タイプ=land, 沿岸=False
2025-05-18 17:44:31,245 - MapData - DEBUG - プロヴィンス定義を読み込み: ID=114, RGB=(0,102,135), タイプ=land, 沿岸=False
2025-05-18 17:44:31,245 - MapData - DEBUG - プロヴィンス定義を読み込み: ID=115, RGB=(0,105,95), タイプ=land, 沿岸=False
2025-05-18 17:44:31,245 - MapData - DEBUG - プロヴィンス定義を読み込み: ID=116, RGB=(0,105,145), タイプ=land, 沿岸=True
2025-05-18 17:44:31,245 - MapData - DEBUG - プロヴィンス定義を読み込み: ID=117, RGB=(0,105,200), タイプ=land, 沿岸=False
2025-05-18 17:44:31,245 - MapData - DEBUG - プロヴィンス定義を読み込み: ID=118, RGB=(0,108,60), タイプ=land, 沿岸=False
2025-05-18 17:44:31,246 - MapData - DEBUG - プロヴィンス定義を読み込み: ID=119, RGB=(0,108,165), タイプ=land, 沿岸=False
2025-05-18 17:44:31,246 - MapData - DEBUG - プロヴィンス定義を読み込み: ID=120, RGB=(0,111,25), タイプ=land, 沿岸=False
2025-05-18 17:44:31,246 - MapData - DEBUG - プロヴィンス定義を読み込み: ID=121, RGB=(0,111,80), タイプ=land, 沿岸=False
2025-05-18 17:44:31,246 - MapData - DEBUG - プロヴィンス定義を読み込み: ID=122, RGB=(0,111,130), タイプ=land, 沿岸=True
2025-05-18 17:44:31,246 - MapData - DEBUG - プロヴィンス定義を読み込み: ID=123, RGB=(0,114,45), タイプ=land, 沿岸=False
2025-05-18 17:44:31,246 - MapData - DEBUG - プロヴィンス定義を読み込み: ID=124, RGB=(0,114,90), タイプ=land, 沿岸=False
2025-05-18 17:44:31,246 - MapData - DEBUG - プロヴィンス定義を読み込み: ID=125, RGB=(0,114,195), タイプ=land, 沿岸=False
2025-05-18 17:44:31,246 - MapData - DEBUG - プロヴィンス定義を読み込み: ID=126, RGB=(0,117,10), タイプ=land, 沿岸=False
2025-05-18 17:44:31,246 - MapData - DEBUG - プロヴィンス定義を読み込み: ID=127, RGB=(0,117,55), タイプ=land, 沿岸=False
2025-05-18 17:44:31,246 - MapData - DEBUG - プロヴィンス定義を読み込み: ID=128, RGB=(0,120,20), タイプ=land, 沿岸=False
2025-05-18 17:44:31,246 - MapData - DEBUG - プロヴィンス定義を読み込み: ID=129, RGB=(0,120,75), タイプ=land, 沿岸=False
2025-05-18 17:44:31,246 - MapData - DEBUG - プロヴィンス定義を読み込み: ID=130, RGB=(0,120,225), タイプ=land, 沿岸=True
2025-05-18 17:44:31,246 - MapData - DEBUG - プロヴィンス定義を読み込み: ID=131, RGB=(0,123,40), タイプ=land, 沿岸=True
2025-05-18 17:44:31,246 - MapData - DEBUG - プロヴィンス定義を読み込み: ID=132, RGB=(0,123,190), タイプ=land, 沿岸=False
2025-05-18 17:44:31,246 - MapData - DEBUG - プロヴィンス定義を読み込み: ID=133, RGB=(0,126,5), タイプ=land, 沿岸=False
2025-05-18 17:44:31,246 - MapData - DEBUG - プロヴィンス定義を読み込み: ID=134, RGB=(0,126,155), タイプ=land, 沿岸=False
2025-05-18 17:44:31,247 - MapData - DEBUG - プロヴィンス定義を読み込み: ID=135, RGB=(0,126,210), タイプ=land, 沿岸=False
2025-05-18 17:44:31,247 - MapData - DEBUG - プロヴィンス定義を読み込み: ID=136, RGB=(0,129,70), タイプ=land, 沿岸=False
2025-05-18 17:44:31,247 - MapData - DEBUG - プロヴィンス定義を読み込み: ID=137, RGB=(0,129,175), タイプ=land, 沿岸=True
2025-05-18 17:44:31,247 - MapData - DEBUG - プロヴィンス定義を読み込み: ID=138, RGB=(0,129,220), タイプ=land, 沿岸=False
2025-05-18 17:44:31,247 - MapData - DEBUG - プロヴィンス定義を読み込み: ID=139, RGB=(0,132,35), タイプ=land, 沿岸=False
2025-05-18 17:44:31,247 - MapData - DEBUG - プロヴィンス定義を読み込み: ID=140, RGB=(0,132,185), タイプ=land, 沿岸=False
2025-05-18 17:44:31,247 - MapData - DEBUG - プロヴィンス定義を読み込み: ID=141, RGB=(0,135,0), タイプ=land, 沿岸=False
2025-05-18 17:44:31,247 - MapData - DEBUG - プロヴィンス定義を読み込み: ID=142, RGB=(0,135,150), タイプ=land, 沿岸=False
2025-05-18 17:44:31,247 - MapData - DEBUG - プロヴィンス定義を読み込み: ID=143, RGB=(0,135,205), タイプ=land, 沿岸=False
2025-05-18 17:44:31,247 - MapData - DEBUG - プロヴィンス定義を読み込み: ID=144, RGB=(0,138,170), タイプ=land, 沿岸=False
2025-05-18 17:44:31,247 - MapData - DEBUG - プロヴィンス定義を読み込み: ID=145, RGB=(0,141,30), タイプ=land, 沿岸=False
2025-05-18 17:44:31,247 - MapData - DEBUG - プロヴィンス定義を読み込み: ID=146, RGB=(0,141,85), タイプ=land, 沿岸=False
2025-05-18 17:44:31,247 - MapData - DEBUG - プロヴィンス定義を読み込み: ID=147, RGB=(0,144,50), タイプ=land, 沿岸=False
2025-05-18 17:44:31,247 - MapData - DEBUG - プロヴィンス定義を読み込み: ID=148, RGB=(0,144,95), タイプ=land, 沿岸=False
2025-05-18 17:44:31,247 - MapData - DEBUG - プロヴィンス定義を読み込み: ID=149, RGB=(0,144,200), タイプ=land, 沿岸=False
2025-05-18 17:44:31,247 - MapData - DEBUG - プロヴィンス定義を読み込み: ID=150, RGB=(0,147,15), タイプ=land, 沿岸=False
2025-05-18 17:44:31,247 - MapData - DEBUG - プロヴィンス定義を読み込み: ID=151, RGB=(0,147,60), タイプ=land, 沿岸=False
2025-05-18 17:44:31,248 - MapData - DEBUG - プロヴィンス定義を読み込み: ID=152, RGB=(0,147,165), タイプ=land, 沿岸=False
2025-05-18 17:44:31,248 - MapData - DEBUG - プロヴィンス定義を読み込み: ID=153, RGB=(0,150,25), タイプ=land, 沿岸=True
2025-05-18 17:44:31,248 - MapData - DEBUG - プロヴィンス定義を読み込み: ID=154, RGB=(0,150,80), タイプ=land, 沿岸=False
2025-05-18 17:44:31,248 - MapData - DEBUG - プロヴィンス定義を読み込み: ID=155, RGB=(0,150,130), タイプ=land, 沿岸=False
2025-05-18 17:44:31,248 - MapData - DEBUG - プロヴィンス定義を読み込み: ID=156, RGB=(0,153,45), タイプ=land, 沿岸=False
2025-05-18 17:44:31,248 - MapData - DEBUG - プロヴィンス定義を読み込み: ID=157, RGB=(0,153,195), タイプ=land, 沿岸=False
2025-05-18 17:44:31,248 - MapData - DEBUG - プロヴィンス定義を読み込み: ID=158, RGB=(0,156,160), タイプ=land, 沿岸=True
2025-05-18 17:44:31,248 - MapData - DEBUG - プロヴィンス定義を読み込み: ID=159, RGB=(0,156,215), タイプ=land, 沿岸=False
2025-05-18 17:44:31,248 - MapData - DEBUG - プロヴィンス定義を読み込み: ID=160, RGB=(0,159,75), タイプ=land, 沿岸=False
2025-05-18 17:44:31,248 - MapData - DEBUG - プロヴィンス定義を読み込み: ID=161, RGB=(0,159,180), タイプ=land, 沿岸=True
2025-05-18 17:44:31,248 - MapData - DEBUG - プロヴィンス定義を読み込み: ID=162, RGB=(0,159,225), タイプ=land, 沿岸=False
2025-05-18 17:44:31,248 - MapData - DEBUG - プロヴィンス定義を読み込み: ID=163, RGB=(0,162,40), タイプ=land, 沿岸=False
2025-05-18 17:44:31,249 - MapData - DEBUG - プロヴィンス定義を読み込み: ID=164, RGB=(0,162,145), タイプ=land, 沿岸=False
2025-05-18 17:44:31,249 - MapData - DEBUG - プロヴィンス定義を読み込み: ID=165, RGB=(0,162,190), タイプ=land, 沿岸=False
2025-05-18 17:44:31,249 - MapData - DEBUG - プロヴィンス定義を読み込み: ID=166, RGB=(0,165,5), タイプ=land, 沿岸=False
2025-05-18 17:44:31,249 - MapData - DEBUG - プロヴィンス定義を読み込み: ID=167, RGB=(0,165,155), タイプ=land, 沿岸=False
2025-05-18 17:44:31,249 - MapData - DEBUG - プロヴィンス定義を読み込み: ID=168, RGB=(0,168,70), タイプ=land, 沿岸=False
2025-05-18 17:44:31,249 - MapData - DEBUG - プロヴィンス定義を読み込み: ID=169, RGB=(0,168,175), タイプ=land, 沿岸=True
2025-05-18 17:44:31,249 - MapData - DEBUG - プロヴィンス定義を読み込み: ID=170, RGB=(0,171,35), タイプ=land, 沿岸=False
2025-05-18 17:44:31,249 - MapData - DEBUG - プロヴィンス定義を読み込み: ID=171, RGB=(0,171,90), タイプ=land, 沿岸=True
2025-05-18 17:44:31,249 - MapData - DEBUG - プロヴィンス定義を読み込み: ID=172, RGB=(0,171,140), タイプ=land, 沿岸=False
2025-05-18 17:44:31,249 - MapData - DEBUG - プロヴィンス定義を読み込み: ID=173, RGB=(0,174,0), タイプ=land, 沿岸=False
2025-05-18 17:44:31,250 - MapData - DEBUG - プロヴィンス定義を読み込み: ID=174, RGB=(0,174,205), タイプ=land, 沿岸=False
2025-05-18 17:44:31,250 - MapData - DEBUG - プロヴィンス定義を読み込み: ID=175, RGB=(0,177,20), タイプ=land, 沿岸=False
2025-05-18 17:44:31,250 - MapData - DEBUG - プロヴィンス定義を読み込み: ID=176, RGB=(0,177,65), タイプ=land, 沿岸=False
2025-05-18 17:44:31,251 - MapData - DEBUG - プロヴィンス定義を読み込み: ID=177, RGB=(0,177,170), タイプ=land, 沿岸=True
2025-05-18 17:44:31,251 - MapData - DEBUG - プロヴィンス定義を読み込み: ID=178, RGB=(0,180,30), タイプ=land, 沿岸=False
2025-05-18 17:44:31,251 - MapData - DEBUG - プロヴィンス定義を読み込み: ID=179, RGB=(0,180,85), タイプ=land, 沿岸=False
2025-05-18 17:44:31,251 - MapData - DEBUG - プロヴィンス定義を読み込み: ID=180, RGB=(0,180,135), タイプ=land, 沿岸=False
2025-05-18 17:44:31,251 - MapData - DEBUG - プロヴィンス定義を読み込み: ID=181, RGB=(0,183,50), タイプ=land, 沿岸=False
2025-05-18 17:44:31,251 - MapData - DEBUG - プロヴィンス定義を読み込み: ID=182, RGB=(0,183,200), タイプ=land, 沿岸=True
2025-05-18 17:44:31,251 - MapData - DEBUG - プロヴィンス定義を読み込み: ID=183, RGB=(0,186,15), タイプ=land, 沿岸=False
2025-05-18 17:44:31,251 - MapData - DEBUG - プロヴィンス定義を読み込み: ID=184, RGB=(0,186,165), タイプ=land, 沿岸=False
2025-05-18 17:44:31,251 - MapData - DEBUG - プロヴィンス定義を読み込み: ID=185, RGB=(0,186,220), タイプ=land, 沿岸=True
2025-05-18 17:44:31,251 - MapData - DEBUG - プロヴィンス定義を読み込み: ID=186, RGB=(0,189,80), タイプ=land, 沿岸=False
2025-05-18 17:44:31,251 - MapData - DEBUG - プロヴィンス定義を読み込み: ID=187, RGB=(0,189,185), タイプ=land, 沿岸=False
2025-05-18 17:44:31,251 - MapData - DEBUG - プロヴィンス定義を読み込み: ID=188, RGB=(0,192,45), タイプ=land, 沿岸=True
2025-05-18 17:44:31,251 - MapData - DEBUG - プロヴィンス定義を読み込み: ID=189, RGB=(0,192,150), タイプ=land, 沿岸=False
2025-05-18 17:44:31,251 - MapData - DEBUG - プロヴィンス定義を読み込み: ID=190, RGB=(0,192,195), タイプ=land, 沿岸=False
2025-05-18 17:44:31,251 - MapData - DEBUG - プロヴィンス定義を読み込み: ID=191, RGB=(0,195,10), タイプ=land, 沿岸=False
2025-05-18 17:44:31,251 - MapData - DEBUG - プロヴィンス定義を読み込み: ID=192, RGB=(0,195,160), タイプ=land, 沿岸=True
2025-05-18 17:44:31,251 - MapData - DEBUG - プロヴィンス定義を読み込み: ID=193, RGB=(0,198,75), タイプ=land, 沿岸=False
2025-05-18 17:44:31,251 - MapData - DEBUG - プロヴィンス定義を読み込み: ID=194, RGB=(0,198,180), タイプ=land, 沿岸=False
2025-05-18 17:44:31,252 - MapData - DEBUG - プロヴィンス定義を読み込み: ID=195, RGB=(0,201,40), タイプ=land, 沿岸=True
2025-05-18 17:44:31,252 - MapData - DEBUG - プロヴィンス定義を読み込み: ID=196, RGB=(0,201,145), タイプ=land, 沿岸=False
2025-05-18 17:44:31,252 - MapData - DEBUG - プロヴィンス定義を読み込み: ID=197, RGB=(0,204,5), タイプ=land, 沿岸=False
2025-05-18 17:44:31,252 - MapData - DEBUG - プロヴィンス定義を読み込み: ID=198, RGB=(0,204,60), タイプ=land, 沿岸=True
2025-05-18 17:44:31,252 - MapData - DEBUG - プロヴィンス定義を読み込み: ID=199, RGB=(0,204,210), タイプ=land, 沿岸=True
2025-05-18 17:44:31,252 - MapData - DEBUG - プロヴィンス定義を読み込み: ID=200, RGB=(0,207,25), タイプ=land, 沿岸=True
2025-05-18 17:44:31,252 - MapData - DEBUG - プロヴィンス定義を読み込み: ID=201, RGB=(0,207,70), タイプ=land, 沿岸=False
2025-05-18 17:44:31,252 - MapData - DEBUG - プロヴィンス定義を読み込み: ID=202, RGB=(0,207,175), タイプ=land, 沿岸=False
2025-05-18 17:44:31,252 - MapData - DEBUG - プロヴィンス定義を読み込み: ID=203, RGB=(0,210,35), タイプ=land, 沿岸=False
2025-05-18 17:44:31,252 - MapData - DEBUG - プロヴィンス定義を読み込み: ID=204, RGB=(0,210,90), タイプ=land, 沿岸=True
2025-05-18 17:44:31,252 - MapData - DEBUG - プロヴィンス定義を読み込み: ID=205, RGB=(0,210,140), タイプ=land, 沿岸=True
2025-05-18 17:44:31,252 - MapData - DEBUG - プロヴィンス定義を読み込み: ID=206, RGB=(1,0,10), タイプ=land, 沿岸=False
2025-05-18 17:44:31,252 - MapData - DEBUG - プロヴィンス定義を読み込み: ID=207, RGB=(1,0,160), タイプ=land, 沿岸=False
2025-05-18 17:44:31,252 - MapData - DEBUG - プロヴィンス定義を読み込み: ID=208, RGB=(1,0,215), タイプ=land, 沿岸=False
2025-05-18 17:44:31,252 - MapData - DEBUG - プロヴィンス定義を読み込み: ID=209, RGB=(1,0,236), タイプ=sea, 沿岸=True
2025-05-18 17:44:31,253 - MapData - DEBUG - プロヴィンス定義を読み込み: ID=210, RGB=(1,2,244), タイプ=sea, 沿岸=True
2025-05-18 17:44:31,253 - MapData - DEBUG - プロヴィンス定義を読み込み: ID=211, RGB=(1,3,75), タイプ=land, 沿岸=True
2025-05-18 17:44:31,253 - MapData - DEBUG - プロヴィンス定義を読み込み: ID=212, RGB=(1,3,180), タイプ=land, 沿岸=False
2025-05-18 17:44:31,254 - MapData - DEBUG - プロヴィンス定義を読み込み: ID=213, RGB=(1,4,232), タイプ=sea, 沿岸=False
2025-05-18 17:44:31,254 - MapData - DEBUG - プロヴィンス定義を読み込み: ID=214, RGB=(1,6,40), タイプ=land, 沿岸=False
2025-05-18 17:44:31,254 - MapData - DEBUG - プロヴィンス定義を読み込み: ID=215, RGB=(1,6,95), タイプ=land, 沿岸=False
2025-05-18 17:44:31,254 - MapData - DEBUG - プロヴィンス定義を読み込み: ID=216, RGB=(1,6,145), タイプ=land, 沿岸=False
2025-05-18 17:44:31,254 - MapData - DEBUG - プロヴィンス定義を読み込み: ID=217, RGB=(1,6,240), タイプ=sea, 沿岸=False
2025-05-18 17:44:31,254 - MapData - DEBUG - プロヴィンス定義を読み込み: ID=218, RGB=(1,8,248), タイプ=sea, 沿岸=False
2025-05-18 17:44:31,254 - MapData - DEBUG - プロヴィンス定義を読み込み: ID=219, RGB=(1,9,5), タイプ=land, 沿岸=False
2025-05-18 17:44:31,254 - MapData - DEBUG - プロヴィンス定義を読み込み: ID=220, RGB=(1,10,236), タイプ=sea, 沿岸=True
2025-05-18 17:44:31,254 - MapData - DEBUG - プロヴィンス定義を読み込み: ID=221, RGB=(1,12,25), タイプ=land, 沿岸=True
2025-05-18 17:44:31,254 - MapData - DEBUG - プロヴィンス定義を読み込み: ID=222, RGB=(1,12,70), タイプ=land, 沿岸=False
2025-05-18 17:44:31,254 - MapData - DEBUG - プロヴィンス定義を読み込み: ID=223, RGB=(1,12,175), タイプ=land, 沿岸=False
2025-05-18 17:44:31,254 - MapData - DEBUG - プロヴィンス定義を読み込み: ID=224, RGB=(1,12,244), タイプ=sea, 沿岸=True
2025-05-18 17:44:31,254 - MapData - DEBUG - プロヴィンス定義を読み込み: ID=225, RGB=(1,14,232), タイプ=sea, 沿岸=True
2025-05-18 17:44:31,254 - MapData - DEBUG - プロヴィンス定義を読み込み: ID=226, RGB=(1,15,35), タイプ=land, 沿岸=False
2025-05-18 17:44:31,254 - MapData - DEBUG - プロヴィンス定義を読み込み: ID=227, RGB=(1,15,90), タイプ=land, 沿岸=False
2025-05-18 17:44:31,254 - MapData - DEBUG - プロヴィンス定義を読み込み: ID=228, RGB=(1,15,140), タイプ=land, 沿岸=False
2025-05-18 17:44:31,254 - MapData - DEBUG - プロヴィンス定義を読み込み: ID=229, RGB=(1,15,240), タイプ=sea, 沿岸=True
2025-05-18 17:44:31,254 - MapData - DEBUG - プロヴィンス定義を読み込み: ID=230, RGB=(1,17,248), タイプ=sea, 沿岸=False
2025-05-18 17:44:31,254 - MapData - DEBUG - プロヴィンス定義を読み込み: ID=231, RGB=(1,18,0), タイプ=land, 沿岸=False
2025-05-18 17:44:31,255 - MapData - DEBUG - プロヴィンス定義を読み込み: ID=232, RGB=(1,18,55), タイプ=land, 沿岸=False
2025-05-18 17:44:31,255 - MapData - DEBUG - プロヴィンス定義を読み込み: ID=233, RGB=(1,18,205), タイプ=land, 沿岸=False
2025-05-18 17:44:31,255 - MapData - DEBUG - プロヴィンス定義を読み込み: ID=234, RGB=(1,19,244), タイプ=sea, 沿岸=False
2025-05-18 17:44:31,255 - MapData - DEBUG - プロヴィンス定義を読み込み: ID=235, RGB=(1,20,232), タイプ=sea, 沿岸=False
2025-05-18 17:44:31,255 - MapData - DEBUG - プロヴィンス定義を読み込み: ID=236, RGB=(1,21,20), タイプ=land, 沿岸=False
2025-05-18 17:44:31,255 - MapData - DEBUG - プロヴィンス定義を読み込み: ID=237, RGB=(1,21,170), タイプ=land, 沿岸=False
2025-05-18 17:44:31,255 - MapData - DEBUG - プロヴィンス定義を読み込み: ID=238, RGB=(1,21,225), タイプ=land, 沿岸=False
2025-05-18 17:44:31,255 - MapData - DEBUG - プロヴィンス定義を読み込み: ID=239, RGB=(1,22,240), タイプ=sea, 沿岸=False
2025-05-18 17:44:31,255 - MapData - DEBUG - プロヴィンス定義を読み込み: ID=240, RGB=(1,23,248), タイプ=sea, 沿岸=False
2025-05-18 17:44:31,255 - MapData - DEBUG - プロヴィンス定義を読み込み: ID=241, RGB=(1,24,85), タイプ=land, 沿岸=True
2025-05-18 17:44:31,255 - MapData - DEBUG - プロヴィンス定義を読み込み: ID=242, RGB=(1,24,135), タイプ=land, 沿岸=False
2025-05-18 17:44:31,255 - MapData - DEBUG - プロヴィンス定義を読み込み: ID=243, RGB=(1,24,190), タイプ=land, 沿岸=False
2025-05-18 17:44:31,255 - MapData - DEBUG - プロヴィンス定義を読み込み: ID=244, RGB=(1,24,236), タイプ=sea, 沿岸=False
2025-05-18 17:44:31,255 - MapData - DEBUG - プロヴィンス定義を読み込み: ID=245, RGB=(1,25,244), タイプ=sea, 沿岸=False
2025-05-18 17:44:31,255 - MapData - DEBUG - プロヴィンス定義を読み込み: ID=246, RGB=(1,27,50), タイプ=land, 沿岸=False
2025-05-18 17:44:31,255 - MapData - DEBUG - プロヴィンス定義を読み込み: ID=247, RGB=(1,27,155), タイプ=land, 沿岸=False
2025-05-18 17:44:31,255 - MapData - DEBUG - プロヴィンス定義を読み込み: ID=248, RGB=(1,27,200), タイプ=land, 沿岸=False
2025-05-18 17:44:31,256 - MapData - DEBUG - プロヴィンス定義を読み込み: ID=249, RGB=(1,27,232), タイプ=sea, 沿岸=False
2025-05-18 17:44:31,256 - MapData - DEBUG - プロヴィンス定義を読み込み: ID=250, RGB=(1,28,240), タイプ=sea, 沿岸=False
2025-05-18 17:44:31,256 - MapData - DEBUG - プロヴィンス定義を読み込み: ID=251, RGB=(1,29,248), タイプ=sea, 沿岸=False
2025-05-18 17:44:31,256 - MapData - DEBUG - プロヴィンス定義を読み込み: ID=252, RGB=(1,30,165), タイプ=land, 沿岸=False
2025-05-18 17:44:31,256 - MapData - DEBUG - プロヴィンス定義を読み込み: ID=253, RGB=(1,30,220), タイプ=land, 沿岸=False
2025-05-18 17:44:31,256 - MapData - DEBUG - プロヴィンス定義を読み込み: ID=254, RGB=(1,31,236), タイプ=sea, 沿岸=False
2025-05-18 17:44:31,256 - MapData - DEBUG - プロヴィンス定義を読み込み: ID=255, RGB=(1,32,244), タイプ=sea, 沿岸=True
2025-05-18 17:44:31,256 - MapData - DEBUG - プロヴィンス定義を読み込み: ID=256, RGB=(1,33,130), タイプ=land, 沿岸=False
2025-05-18 17:44:31,256 - MapData - DEBUG - プロヴィンス定義を読み込み: ID=257, RGB=(1,33,185), タイプ=land, 沿岸=False
2025-05-18 17:44:31,256 - MapData - DEBUG - プロヴィンス定義を読み込み: ID=258, RGB=(1,33,232), タイプ=sea, 沿岸=False
2025-05-18 17:44:31,256 - MapData - DEBUG - プロヴィンス定義を読み込み: ID=259, RGB=(1,34,240), タイプ=sea, 沿岸=False
2025-05-18 17:44:31,256 - MapData - DEBUG - プロヴィンス定義を読み込み: ID=260, RGB=(1,36,45), タイプ=land, 沿岸=False
2025-05-18 17:44:31,256 - MapData - DEBUG - プロヴィンス定義を読み込み: ID=261, RGB=(1,36,150), タイプ=land, 沿岸=False
2025-05-18 17:44:31,256 - MapData - DEBUG - プロヴィンス定義を読み込み: ID=262, RGB=(1,36,248), タイプ=sea, 沿岸=False
2025-05-18 17:44:31,256 - MapData - DEBUG - プロヴィンス定義を読み込み: ID=263, RGB=(1,37,236), タイプ=sea, 沿岸=False
2025-05-18 17:44:31,256 - MapData - DEBUG - プロヴィンス定義を読み込み: ID=264, RGB=(1,38,244), タイプ=sea, 沿岸=False
2025-05-18 17:44:31,256 - MapData - DEBUG - プロヴィンス定義を読み込み: ID=265, RGB=(1,39,10), タイプ=land, 沿岸=False
2025-05-18 17:44:31,256 - MapData - DEBUG - プロヴィンス定義を読み込み: ID=266, RGB=(1,39,215), タイプ=land, 沿岸=False
2025-05-18 17:44:31,256 - MapData - DEBUG - プロヴィンス定義を読み込み: ID=267, RGB=(1,39,232), タイプ=sea, 沿岸=False
2025-05-18 17:44:31,256 - MapData - DEBUG - プロヴィンス定義を読み込み: ID=268, RGB=(1,42,30), タイプ=land, 沿岸=False
2025-05-18 17:44:31,256 - MapData - DEBUG - プロヴィンス定義を読み込み: ID=269, RGB=(1,42,180), タイプ=land, 沿岸=False
2025-05-18 17:44:31,257 - MapData - DEBUG - プロヴィンス定義を読み込み: ID=270, RGB=(1,45,40), タイプ=land, 沿岸=False
2025-05-18 17:44:31,257 - MapData - DEBUG - プロヴィンス定義を読み込み: ID=271, RGB=(1,45,95), タイプ=land, 沿岸=True
2025-05-18 17:44:31,257 - MapData - DEBUG - プロヴィンス定義を読み込み: ID=272, RGB=(1,48,5), タイプ=land, 沿岸=False
2025-05-18 17:44:31,257 - MapData - DEBUG - プロヴィンス定義を読み込み: ID=273, RGB=(1,48,60), タイプ=land, 沿岸=False
2025-05-18 17:44:31,257 - MapData - DEBUG - プロヴィンス定義を読み込み: ID=274, RGB=(1,48,210), タイプ=land, 沿岸=False
2025-05-18 17:44:31,257 - MapData - DEBUG - プロヴィンス定義を読み込み: ID=275, RGB=(1,51,25), タイプ=land, 沿岸=False
2025-05-18 17:44:31,257 - MapData - DEBUG - プロヴィンス定義を読み込み: ID=276, RGB=(1,51,175), タイプ=land, 沿岸=True
2025-05-18 17:44:31,257 - MapData - DEBUG - プロヴィンス定義を読み込み: ID=277, RGB=(1,54,90), タイプ=land, 沿岸=False
2025-05-18 17:44:31,257 - MapData - DEBUG - プロヴィンス定義を読み込み: ID=278, RGB=(1,57,55), タイプ=land, 沿岸=False
2025-05-18 17:44:31,257 - MapData - DEBUG - プロヴィンス定義を読み込み: ID=279, RGB=(1,57,160), タイプ=land, 沿岸=False
2025-05-18 17:44:31,257 - MapData - DEBUG - プロヴィンス定義を読み込み: ID=280, RGB=(1,57,205), タイプ=land, 沿岸=False
2025-05-18 17:44:31,257 - MapData - DEBUG - プロヴィンス定義を読み込み: ID=281, RGB=(1,60,20), タイプ=land, 沿岸=False
2025-05-18 17:44:31,257 - MapData - DEBUG - プロヴィンス定義を読み込み: ID=282, RGB=(1,60,170), タイプ=land, 沿岸=False
2025-05-18 17:44:31,257 - MapData - DEBUG - プロヴィンス定義を読み込み: ID=283, RGB=(1,63,85), タイプ=land, 沿岸=False
2025-05-18 17:44:31,257 - MapData - DEBUG - プロヴィンス定義を読み込み: ID=284, RGB=(1,63,135), タイプ=land, 沿岸=True
2025-05-18 17:44:31,257 - MapData - DEBUG - プロヴィンス定義を読み込み: ID=285, RGB=(1,63,190), タイプ=land, 沿岸=True
2025-05-18 17:44:31,257 - MapData - DEBUG - プロヴィンス定義を読み込み: ID=286, RGB=(1,66,155), タイプ=land, 沿岸=False
2025-05-18 17:44:31,257 - MapData - DEBUG - プロヴィンス定義を読み込み: ID=287, RGB=(1,69,15), タイプ=land, 沿岸=False
2025-05-18 17:44:31,257 - MapData - DEBUG - プロヴィンス定義を読み込み: ID=288, RGB=(1,69,70), タイプ=land, 沿岸=False
2025-05-18 17:44:31,257 - MapData - DEBUG - プロヴィンス定義を読み込み: ID=289, RGB=(1,69,220), タイプ=land, 沿岸=False
2025-05-18 17:44:31,258 - MapData - DEBUG - プロヴィンス定義を読み込み: ID=290, RGB=(1,72,35), タイプ=land, 沿岸=False
2025-05-18 17:44:31,258 - MapData - DEBUG - プロヴィンス定義を読み込み: ID=291, RGB=(1,72,80), タイプ=land, 沿岸=False
2025-05-18 17:44:31,258 - MapData - DEBUG - プロヴィンス定義を読み込み: ID=292, RGB=(1,72,185), タイプ=land, 沿岸=False
2025-05-18 17:44:31,258 - MapData - DEBUG - プロヴィンス定義を読み込み: ID=293, RGB=(1,75,0), タイプ=land, 沿岸=False
2025-05-18 17:44:31,258 - MapData - DEBUG - プロヴィンス定義を読み込み: ID=294, RGB=(1,75,150), タイプ=land, 沿岸=False
2025-05-18 17:44:31,258 - MapData - DEBUG - プロヴィンス定義を読み込み: ID=295, RGB=(1,78,10), タイプ=land, 沿岸=False
2025-05-18 17:44:31,258 - MapData - DEBUG - プロヴィンス定義を読み込み: ID=296, RGB=(1,78,65), タイプ=land, 沿岸=False
2025-05-18 17:44:31,258 - MapData - DEBUG - プロヴィンス定義を読み込み: ID=297, RGB=(1,78,215), タイプ=land, 沿岸=False
2025-05-18 17:44:31,258 - MapData - DEBUG - プロヴィンス定義を読み込み: ID=298, RGB=(1,81,30), タイプ=land, 沿岸=False
2025-05-18 17:44:31,258 - MapData - DEBUG - プロヴィンス定義を読み込み: ID=299, RGB=(1,81,180), タイプ=land, 沿岸=True
2025-05-18 17:44:31,258 - MapData - DEBUG - プロヴィンス定義を読み込み: ID=300, RGB=(1,84,95), タイプ=land, 沿岸=False
2025-05-18 17:44:31,258 - MapData - DEBUG - プロヴィンス定義を読み込み: ID=301, RGB=(1,84,145), タイプ=land, 沿岸=False
2025-05-18 17:44:31,258 - MapData - DEBUG - プロヴィンス定義を読み込み: ID=302, RGB=(1,84,200), タイプ=land, 沿岸=False
2025-05-18 17:44:31,258 - MapData - DEBUG - プロヴィンス定義を読み込み: ID=303, RGB=(1,87,60), タイプ=land, 沿岸=False
2025-05-18 17:44:31,258 - MapData - DEBUG - プロヴィンス定義を読み込み: ID=304, RGB=(1,87,165), タイプ=land, 沿岸=False
2025-05-18 17:44:31,258 - MapData - DEBUG - プロヴィンス定義を読み込み: ID=305, RGB=(1,87,210), タイプ=land, 沿岸=False
2025-05-18 17:44:31,258 - MapData - DEBUG - プロヴィンス定義を読み込み: ID=306, RGB=(1,90,25), タイプ=land, 沿岸=False
2025-05-18 17:44:31,258 - MapData - DEBUG - プロヴィンス定義を読み込み: ID=307, RGB=(1,93,90), タイプ=land, 沿岸=False
2025-05-18 17:44:31,258 - MapData - DEBUG - プロヴィンス定義を読み込み: ID=308, RGB=(1,93,140), タイプ=land, 沿岸=False
2025-05-18 17:44:31,258 - MapData - DEBUG - プロヴィンス定義を読み込み: ID=309, RGB=(1,93,195), タイプ=land, 沿岸=False
2025-05-18 17:44:31,259 - MapData - DEBUG - プロヴィンス定義を読み込み: ID=310, RGB=(1,96,55), タイプ=land, 沿岸=False
2025-05-18 17:44:31,259 - MapData - DEBUG - プロヴィンス定義を読み込み: ID=311, RGB=(1,96,160), タイプ=land, 沿岸=False
2025-05-18 17:44:31,259 - MapData - DEBUG - プロヴィンス定義を読み込み: ID=312, RGB=(1,99,20), タイプ=land, 沿岸=True
2025-05-18 17:44:31,259 - MapData - DEBUG - プロヴィンス定義を読み込み: ID=313, RGB=(1,99,75), タイプ=land, 沿岸=False
2025-05-18 17:44:31,259 - MapData - DEBUG - プロヴィンス定義を読み込み: ID=314, RGB=(1,99,225), タイプ=land, 沿岸=False
2025-05-18 17:44:31,259 - MapData - DEBUG - プロヴィンス定義を読み込み: ID=315, RGB=(1,102,40), タイプ=land, 沿岸=False
2025-05-18 17:44:31,259 - MapData - DEBUG - プロヴィンス定義を読み込み: ID=316, RGB=(1,102,85), タイプ=land, 沿岸=True
2025-05-18 17:44:31,259 - MapData - DEBUG - プロヴィンス定義を読み込み: ID=317, RGB=(1,102,190), タイプ=land, 沿岸=True
2025-05-18 17:44:31,259 - MapData - DEBUG - プロヴィンス定義を読み込み: ID=318, RGB=(1,105,5), タイプ=land, 沿岸=False
2025-05-18 17:44:31,259 - MapData - DEBUG - プロヴィンス定義を読み込み: ID=319, RGB=(1,105,50), タイプ=land, 沿岸=False
2025-05-18 17:44:31,259 - MapData - DEBUG - プロヴィンス定義を読み込み: ID=320, RGB=(1,108,15), タイプ=land, 沿岸=False
2025-05-18 17:44:31,259 - MapData - DEBUG - プロヴィンス定義を読み込み: ID=321, RGB=(1,108,70), タイプ=land, 沿岸=True
2025-05-18 17:44:31,259 - MapData - DEBUG - プロヴィンス定義を読み込み: ID=322, RGB=(1,111,35), タイプ=land, 沿岸=True
2025-05-18 17:44:31,259 - MapData - DEBUG - プロヴィンス定義を読み込み: ID=323, RGB=(1,111,185), タイプ=land, 沿岸=False
2025-05-18 17:44:31,259 - MapData - DEBUG - プロヴィンス定義を読み込み: ID=324, RGB=(1,114,0), タイプ=land, 沿岸=False
2025-05-18 17:44:31,259 - MapData - DEBUG - プロヴィンス定義を読み込み: ID=325, RGB=(1,114,150), タイプ=land, 沿岸=False
2025-05-18 17:44:31,259 - MapData - DEBUG - プロヴィンス定義を読み込み: ID=326, RGB=(1,114,205), タイプ=land, 沿岸=False
2025-05-18 17:44:31,259 - MapData - DEBUG - プロヴィンス定義を読み込み: ID=327, RGB=(1,117,65), タイプ=land, 沿岸=False
2025-05-18 17:44:31,259 - MapData - DEBUG - プロヴィンス定義を読み込み: ID=328, RGB=(1,117,170), タイプ=land, 沿岸=False
2025-05-18 17:44:31,259 - MapData - DEBUG - プロヴィンス定義を読み込み: ID=329, RGB=(1,117,215), タイプ=land, 沿岸=True
2025-05-18 17:44:31,260 - MapData - DEBUG - プロヴィンス定義を読み込み: ID=330, RGB=(1,120,30), タイプ=land, 沿岸=False
2025-05-18 17:44:31,260 - MapData - DEBUG - プロヴィンス定義を読み込み: ID=331, RGB=(1,120,135), タイプ=land, 沿岸=False
2025-05-18 17:44:31,260 - MapData - DEBUG - プロヴィンス定義を読み込み: ID=332, RGB=(1,123,95), タイプ=land, 沿岸=True
2025-05-18 17:44:31,260 - MapData - DEBUG - プロヴィンス定義を読み込み: ID=333, RGB=(1,123,145), タイプ=land, 沿岸=False
2025-05-18 17:44:31,260 - MapData - DEBUG - プロヴィンス定義を読み込み: ID=334, RGB=(1,123,200), タイプ=land, 沿岸=False
2025-05-18 17:44:31,260 - MapData - DEBUG - プロヴィンス定義を読み込み: ID=335, RGB=(1,126,60), タイプ=land, 沿岸=False
2025-05-18 17:44:31,260 - MapData - DEBUG - プロヴィンス定義を読み込み: ID=336, RGB=(1,126,165), タイプ=land, 沿岸=False
2025-05-18 17:44:31,260 - MapData - DEBUG - プロヴィンス定義を読み込み: ID=337, RGB=(1,129,25), タイプ=land, 沿岸=True
2025-05-18 17:44:31,260 - MapData - DEBUG - プロヴィンス定義を読み込み: ID=338, RGB=(1,129,80), タイプ=land, 沿岸=False
2025-05-18 17:44:31,260 - MapData - DEBUG - プロヴィンス定義を読み込み: ID=339, RGB=(1,129,130), タイプ=land, 沿岸=False
2025-05-18 17:44:31,260 - MapData - DEBUG - プロヴィンス定義を読み込み: ID=340, RGB=(1,132,45), タイプ=land, 沿岸=False
2025-05-18 17:44:31,260 - MapData - DEBUG - プロヴィンス定義を読み込み: ID=341, RGB=(1,132,90), タイプ=land, 沿岸=False
2025-05-18 17:44:31,260 - MapData - DEBUG - プロヴィンス定義を読み込み: ID=342, RGB=(1,132,195), タイプ=land, 沿岸=False
2025-05-18 17:44:31,260 - MapData - DEBUG - プロヴィンス定義を読み込み: ID=343, RGB=(1,135,10), タイプ=land, 沿岸=False
2025-05-18 17:44:31,260 - MapData - DEBUG - プロヴィンス定義を読み込み: ID=344, RGB=(1,135,55), タイプ=land, 沿岸=False
2025-05-18 17:44:31,260 - MapData - DEBUG - プロヴィンス定義を読み込み: ID=345, RGB=(1,135,160), タイプ=land, 沿岸=False
2025-05-18 17:44:31,260 - MapData - DEBUG - プロヴィンス定義を読み込み: ID=346, RGB=(1,138,20), タイプ=land, 沿岸=False
2025-05-18 17:44:31,260 - MapData - DEBUG - プロヴィンス定義を読み込み: ID=347, RGB=(1,138,75), タイプ=land, 沿岸=False
2025-05-18 17:44:31,260 - MapData - DEBUG - プロヴィンス定義を読み込み: ID=348, RGB=(1,138,225), タイプ=land, 沿岸=True
2025-05-18 17:44:31,260 - MapData - DEBUG - プロヴィンス定義を読み込み: ID=349, RGB=(1,141,40), タイプ=land, 沿岸=True
2025-05-18 17:44:31,261 - MapData - DEBUG - プロヴィンス定義を読み込み: ID=350, RGB=(1,141,190), タイプ=land, 沿岸=False
2025-05-18 17:44:31,261 - MapData - DEBUG - プロヴィンス定義を読み込み: ID=351, RGB=(1,144,155), タイプ=land, 沿岸=True
2025-05-18 17:44:31,261 - MapData - DEBUG - プロヴィンス定義を読み込み: ID=352, RGB=(1,147,70), タイプ=land, 沿岸=False
2025-05-18 17:44:31,261 - MapData - DEBUG - プロヴィンス定義を読み込み: ID=353, RGB=(1,147,175), タイプ=land, 沿岸=False
2025-05-18 17:44:31,261 - MapData - DEBUG - プロヴィンス定義を読み込み: ID=354, RGB=(1,147,220), タイプ=land, 沿岸=False
2025-05-18 17:44:31,261 - MapData - DEBUG - プロヴィンス定義を読み込み: ID=355, RGB=(1,150,35), タイプ=land, 沿岸=False
2025-05-18 17:44:31,261 - MapData - DEBUG - プロヴィンス定義を読み込み: ID=356, RGB=(1,150,140), タイプ=land, 沿岸=False
2025-05-18 17:44:31,261 - MapData - DEBUG - プロヴィンス定義を読み込み: ID=357, RGB=(1,150,185), タイプ=land, 沿岸=False
2025-05-18 17:44:31,261 - MapData - DEBUG - プロヴィンス定義を読み込み: ID=358, RGB=(1,153,0), タイプ=land, 沿岸=False
2025-05-18 17:44:31,261 - MapData - DEBUG - プロヴィンス定義を読み込み: ID=359, RGB=(1,153,150), タイプ=land, 沿岸=False
2025-05-18 17:44:31,261 - MapData - DEBUG - プロヴィンス定義を読み込み: ID=360, RGB=(1,153,205), タイプ=land, 沿岸=False
2025-05-18 17:44:31,261 - MapData - DEBUG - プロヴィンス定義を読み込み: ID=361, RGB=(1,156,65), タイプ=land, 沿岸=False
2025-05-18 17:44:31,261 - MapData - DEBUG - プロヴィンス定義を読み込み: ID=362, RGB=(1,156,170), タイプ=land, 沿岸=True
2025-05-18 17:44:31,261 - MapData - DEBUG - プロヴィンス定義を読み込み: ID=363, RGB=(1,159,30), タイプ=land, 沿岸=False
2025-05-18 17:44:31,261 - MapData - DEBUG - プロヴィンス定義を読み込み: ID=364, RGB=(1,159,135), タイプ=land, 沿岸=False
2025-05-18 17:44:31,261 - MapData - DEBUG - プロヴィンス定義を読み込み: ID=365, RGB=(1,162,50), タイプ=land, 沿岸=False
2025-05-18 17:44:31,261 - MapData - DEBUG - プロヴィンス定義を読み込み: ID=366, RGB=(1,162,95), タイプ=land, 沿岸=False
2025-05-18 17:44:31,261 - MapData - DEBUG - プロヴィンス定義を読み込み: ID=367, RGB=(1,165,15), タイプ=land, 沿岸=False
2025-05-18 17:44:31,261 - MapData - DEBUG - プロヴィンス定義を読み込み: ID=368, RGB=(1,165,60), タイプ=land, 沿岸=False
2025-05-18 17:44:31,261 - MapData - DEBUG - プロヴィンス定義を読み込み: ID=369, RGB=(1,165,165), タイプ=land, 沿岸=False
2025-05-18 17:44:31,262 - MapData - DEBUG - プロヴィンス定義を読み込み: ID=370, RGB=(1,168,25), タイプ=land, 沿岸=False
2025-05-18 17:44:31,262 - MapData - DEBUG - プロヴィンス定義を読み込み: ID=371, RGB=(1,168,80), タイプ=land, 沿岸=False
2025-05-18 17:44:31,262 - MapData - DEBUG - プロヴィンス定義を読み込み: ID=372, RGB=(1,171,195), タイプ=land, 沿岸=False
2025-05-18 17:44:31,262 - MapData - DEBUG - プロヴィンス定義を読み込み: ID=373, RGB=(1,173,10), タイプ=land, 沿岸=True
2025-05-18 17:44:31,262 - MapData - DEBUG - プロヴィンス定義を読み込み: ID=374, RGB=(1,174,10), タイプ=land, 沿岸=True
2025-05-18 17:44:31,262 - MapData - DEBUG - プロヴィンス定義を読み込み: ID=375, RGB=(1,174,215), タイプ=land, 沿岸=False
2025-05-18 17:44:31,262 - MapData - DEBUG - プロヴィンス定義を読み込み: ID=376, RGB=(1,177,75), タイプ=land, 沿岸=False
2025-05-18 17:44:31,262 - MapData - DEBUG - プロヴィンス定義を読み込み: ID=377, RGB=(1,177,180), タイプ=land, 沿岸=True
2025-05-18 17:44:31,262 - MapData - DEBUG - プロヴィンス定義を読み込み: ID=378, RGB=(1,177,225), タイプ=land, 沿岸=False
2025-05-18 17:44:31,262 - MapData - DEBUG - プロヴィンス定義を読み込み: ID=379, RGB=(1,180,40), タイプ=land, 沿岸=True
2025-05-18 17:44:31,262 - MapData - DEBUG - プロヴィンス定義を読み込み: ID=380, RGB=(1,180,145), タイプ=land, 沿岸=False
2025-05-18 17:44:31,262 - MapData - DEBUG - プロヴィンス定義を読み込み: ID=381, RGB=(1,180,190), タイプ=land, 沿岸=False
2025-05-18 17:44:31,262 - MapData - DEBUG - プロヴィンス定義を読み込み: ID=382, RGB=(1,183,5), タイプ=land, 沿岸=False
2025-05-18 17:44:31,263 - MapData - DEBUG - プロヴィンス定義を読み込み: ID=383, RGB=(1,183,155), タイプ=land, 沿岸=True
2025-05-18 17:44:31,263 - MapData - DEBUG - プロヴィンス定義を読み込み: ID=384, RGB=(1,183,210), タイプ=land, 沿岸=False
2025-05-18 17:44:31,263 - MapData - DEBUG - プロヴィンス定義を読み込み: ID=385, RGB=(1,186,70), タイプ=land, 沿岸=False
2025-05-18 17:44:31,263 - MapData - DEBUG - プロヴィンス定義を読み込み: ID=386, RGB=(1,186,175), タイプ=land, 沿岸=False
2025-05-18 17:44:31,263 - MapData - DEBUG - プロヴィンス定義を読み込み: ID=387, RGB=(1,189,35), タイプ=land, 沿岸=False
2025-05-18 17:44:31,263 - MapData - DEBUG - プロヴィンス定義を読み込み: ID=388, RGB=(1,189,90), タイプ=land, 沿岸=False
2025-05-18 17:44:31,263 - MapData - DEBUG - プロヴィンス定義を読み込み: ID=389, RGB=(1,189,140), タイプ=land, 沿岸=False
2025-05-18 17:44:31,263 - MapData - DEBUG - プロヴィンス定義を読み込み: ID=390, RGB=(1,192,0), タイプ=land, 沿岸=False
2025-05-18 17:44:31,263 - MapData - DEBUG - プロヴィンス定義を読み込み: ID=391, RGB=(1,192,55), タイプ=land, 沿岸=False
2025-05-18 17:44:31,263 - MapData - DEBUG - プロヴィンス定義を読み込み: ID=392, RGB=(1,192,205), タイプ=land, 沿岸=False
2025-05-18 17:44:31,263 - MapData - DEBUG - プロヴィンス定義を読み込み: ID=393, RGB=(1,195,20), タイプ=land, 沿岸=False
2025-05-18 17:44:31,263 - MapData - DEBUG - プロヴィンス定義を読み込み: ID=394, RGB=(1,195,65), タイプ=land, 沿岸=True
2025-05-18 17:44:31,263 - MapData - DEBUG - プロヴィンス定義を読み込み: ID=395, RGB=(1,195,170), タイプ=land, 沿岸=False
2025-05-18 17:44:31,263 - MapData - DEBUG - プロヴィンス定義を読み込み: ID=396, RGB=(1,198,85), タイプ=land, 沿岸=False
2025-05-18 17:44:31,264 - MapData - DEBUG - プロヴィンス定義を読み込み: ID=397, RGB=(1,198,135), タイプ=land, 沿岸=False
2025-05-18 17:44:31,264 - MapData - DEBUG - プロヴィンス定義を読み込み: ID=398, RGB=(1,201,50), タイプ=land, 沿岸=False
2025-05-18 17:44:31,264 - MapData - DEBUG - プロヴィンス定義を読み込み: ID=399, RGB=(1,201,200), タイプ=land, 沿岸=True
2025-05-18 17:44:31,264 - MapData - DEBUG - プロヴィンス定義を読み込み: ID=400, RGB=(1,204,15), タイプ=land, 沿岸=False
2025-05-18 17:44:31,264 - MapData - DEBUG - プロヴィンス定義を読み込み: ID=401, RGB=(1,204,165), タイプ=land, 沿岸=False
2025-05-18 17:44:31,264 - MapData - DEBUG - プロヴィンス定義を読み込み: ID=402, RGB=(1,204,220), タイプ=land, 沿岸=False
2025-05-18 17:44:31,264 - MapData - DEBUG - プロヴィンス定義を読み込み: ID=403, RGB=(1,207,80), タイプ=land, 沿岸=False
2025-05-18 17:44:31,264 - MapData - DEBUG - プロヴィンス定義を読み込み: ID=404, RGB=(1,207,130), タイプ=land, 沿岸=False
2025-05-18 17:44:31,264 - MapData - DEBUG - プロヴィンス定義を読み込み: ID=405, RGB=(1,207,185), タイプ=land, 沿岸=False
2025-05-18 17:44:31,264 - MapData - DEBUG - プロヴィンス定義を読み込み: ID=406, RGB=(1,210,45), タイプ=land, 沿岸=False
2025-05-18 17:44:31,264 - MapData - DEBUG - プロヴィンス定義を読み込み: ID=407, RGB=(1,210,150), タイプ=land, 沿岸=True
2025-05-18 17:44:31,264 - MapData - DEBUG - プロヴィンス定義を読み込み: ID=408, RGB=(1,210,195), タイプ=land, 沿岸=True
2025-05-18 17:44:31,264 - MapData - DEBUG - プロヴィンス定義を読み込み: ID=409, RGB=(2,0,20), タイプ=land, 沿岸=False
2025-05-18 17:44:31,264 - MapData - DEBUG - プロヴィンス定義を読み込み: ID=410, RGB=(2,0,65), タイプ=land, 沿岸=False
2025-05-18 17:44:31,264 - MapData - DEBUG - プロヴィンス定義を読み込み: ID=411, RGB=(2,0,240), タイプ=sea, 沿岸=True
2025-05-18 17:44:31,264 - MapData - DEBUG - プロヴィンス定義を読み込み: ID=412, RGB=(2,2,248), タイプ=sea, 沿岸=True
2025-05-18 17:44:31,264 - MapData - DEBUG - プロヴィンス定義を読み込み: ID=413, RGB=(2,3,30), タイプ=land, 沿岸=False
2025-05-18 17:44:31,265 - MapData - DEBUG - プロヴィンス定義を読み込み: ID=414, RGB=(2,3,85), タイプ=land, 沿岸=False
2025-05-18 17:44:31,265 - MapData - DEBUG - プロヴィンス定義を読み込み: ID=415, RGB=(2,3,135), タイプ=land, 沿岸=False
2025-05-18 17:44:31,265 - MapData - DEBUG - プロヴィンス定義を読み込み: ID=416, RGB=(2,4,236), タイプ=sea, 沿岸=False
2025-05-18 17:44:31,265 - MapData - DEBUG - プロヴィンス定義を読み込み: ID=417, RGB=(2,6,50), タイプ=land, 沿岸=False
2025-05-18 17:44:31,265 - MapData - DEBUG - プロヴィンス定義を読み込み: ID=418, RGB=(2,6,200), タイプ=land, 沿岸=False
2025-05-18 17:44:31,265 - MapData - DEBUG - プロヴィンス定義を読み込み: ID=419, RGB=(2,6,244), タイプ=sea, 沿岸=True
2025-05-18 17:44:31,265 - MapData - DEBUG - プロヴィンス定義を読み込み: ID=420, RGB=(2,8,232), タイプ=sea, 沿岸=False
2025-05-18 17:44:31,265 - MapData - DEBUG - プロヴィンス定義を読み込み: ID=421, RGB=(2,9,15), タイプ=land, 沿岸=False
2025-05-18 17:44:31,265 - MapData - DEBUG - プロヴィンス定義を読み込み: ID=422, RGB=(2,9,165), タイプ=land, 沿岸=False
2025-05-18 17:44:31,265 - MapData - DEBUG - プロヴィンス定義を読み込み: ID=423, RGB=(2,10,240), タイプ=sea, 沿岸=True
2025-05-18 17:44:31,265 - MapData - DEBUG - プロヴィンス定義を読み込み: ID=424, RGB=(2,12,80), タイプ=land, 沿岸=False
2025-05-18 17:44:31,265 - MapData - DEBUG - プロヴィンス定義を読み込み: ID=425, RGB=(2,12,130), タイプ=land, 沿岸=False
2025-05-18 17:44:31,266 - MapData - DEBUG - プロヴィンス定義を読み込み: ID=426, RGB=(2,12,185), タイプ=land, 沿岸=False
2025-05-18 17:44:31,266 - MapData - DEBUG - プロヴィンス定義を読み込み: ID=427, RGB=(2,12,248), タイプ=sea, 沿岸=True
2025-05-18 17:44:31,266 - MapData - DEBUG - プロヴィンス定義を読み込み: ID=428, RGB=(2,14,236), タイプ=sea, 沿岸=True
2025-05-18 17:44:31,266 - MapData - DEBUG - プロヴィンス定義を読み込み: ID=429, RGB=(2,15,150), タイプ=land, 沿岸=False
2025-05-18 17:44:31,266 - MapData - DEBUG - プロヴィンス定義を読み込み: ID=430, RGB=(2,15,244), タイプ=sea, 沿岸=True
2025-05-18 17:44:31,266 - MapData - DEBUG - プロヴィンス定義を読み込み: ID=431, RGB=(2,17,232), タイプ=sea, 沿岸=False
2025-05-18 17:44:31,266 - MapData - DEBUG - プロヴィンス定義を読み込み: ID=432, RGB=(2,18,10), タイプ=land, 沿岸=False
2025-05-18 17:44:31,266 - MapData - DEBUG - プロヴィンス定義を読み込み: ID=433, RGB=(2,18,160), タイプ=land, 沿岸=False
2025-05-18 17:44:31,266 - MapData - DEBUG - プロヴィンス定義を読み込み: ID=434, RGB=(2,18,215), タイプ=land, 沿岸=False
2025-05-18 17:44:31,266 - MapData - DEBUG - プロヴィンス定義を読み込み: ID=435, RGB=(2,19,248), タイプ=sea, 沿岸=True
2025-05-18 17:44:31,266 - MapData - DEBUG - プロヴィンス定義を読み込み: ID=436, RGB=(2,20,236), タイプ=sea, 沿岸=True
2025-05-18 17:44:31,266 - MapData - DEBUG - プロヴィンス定義を読み込み: ID=437, RGB=(2,21,75), タイプ=land, 沿岸=False
2025-05-18 17:44:31,266 - MapData - DEBUG - プロヴィンス定義を読み込み: ID=438, RGB=(2,21,180), タイプ=land, 沿岸=False
2025-05-18 17:44:31,267 - MapData - DEBUG - プロヴィンス定義を読み込み: ID=439, RGB=(2,22,244), タイプ=sea, 沿岸=False
2025-05-18 17:44:31,267 - MapData - DEBUG - プロヴィンス定義を読み込み: ID=440, RGB=(2,23,232), タイプ=sea, 沿岸=False
2025-05-18 17:44:31,267 - MapData - DEBUG - プロヴィンス定義を読み込み: ID=441, RGB=(2,24,40), タイプ=land, 沿岸=False
2025-05-18 17:44:31,267 - MapData - DEBUG - プロヴィンス定義を読み込み: ID=442, RGB=(2,24,145), タイプ=land, 沿岸=False
2025-05-18 17:44:31,267 - MapData - DEBUG - プロヴィンス定義を読み込み: ID=443, RGB=(2,24,240), タイプ=sea, 沿岸=False
2025-05-18 17:44:31,267 - MapData - DEBUG - プロヴィンス定義を読み込み: ID=444, RGB=(2,27,5), タイプ=land, 沿岸=False
2025-05-18 17:44:31,267 - MapData - DEBUG - プロヴィンス定義を読み込み: ID=445, RGB=(2,27,210), タイプ=land, 沿岸=False
2025-05-18 17:44:31,267 - MapData - DEBUG - プロヴィンス定義を読み込み: ID=446, RGB=(2,27,236), タイプ=sea, 沿岸=False
2025-05-18 17:44:31,267 - MapData - DEBUG - プロヴィンス定義を読み込み: ID=447, RGB=(2,28,244), タイプ=sea, 沿岸=False
2025-05-18 17:44:31,267 - MapData - DEBUG - プロヴィンス定義を読み込み: ID=448, RGB=(2,29,232), タイプ=sea, 沿岸=True
2025-05-18 17:44:31,267 - MapData - DEBUG - プロヴィンス定義を読み込み: ID=449, RGB=(2,30,25), タイプ=land, 沿岸=False
2025-05-18 17:44:31,267 - MapData - DEBUG - プロヴィンス定義を読み込み: ID=450, RGB=(2,31,240), タイプ=sea, 沿岸=False
2025-05-18 17:44:31,267 - MapData - DEBUG - プロヴィンス定義を読み込み: ID=451, RGB=(2,32,248), タイプ=sea, 沿岸=True
2025-05-18 17:44:31,267 - MapData - DEBUG - プロヴィンス定義を読み込み: ID=452, RGB=(2,33,35), タイプ=land, 沿岸=False
2025-05-18 17:44:31,267 - MapData - DEBUG - プロヴィンス定義を読み込み: ID=453, RGB=(2,33,90), タイプ=land, 沿岸=False
2025-05-18 17:44:31,268 - MapData - DEBUG - プロヴィンス定義を読み込み: ID=454, RGB=(2,33,140), タイプ=land, 沿岸=False
2025-05-18 17:44:31,268 - MapData - DEBUG - プロヴィンス定義を読み込み: ID=455, RGB=(2,33,236), タイプ=sea, 沿岸=False
2025-05-18 17:44:31,268 - MapData - DEBUG - プロヴィンス定義を読み込み: ID=456, RGB=(2,34,244), タイプ=sea, 沿岸=False
2025-05-18 17:44:31,268 - MapData - DEBUG - プロヴィンス定義を読み込み: ID=457, RGB=(2,36,0), タイプ=land, 沿岸=False
2025-05-18 17:44:31,268 - MapData - DEBUG - プロヴィンス定義を読み込み: ID=458, RGB=(2,36,55), タイプ=land, 沿岸=False
2025-05-18 17:44:31,268 - MapData - DEBUG - プロヴィンス定義を読み込み: ID=459, RGB=(2,36,232), タイプ=sea, 沿岸=False
2025-05-18 17:44:31,268 - MapData - DEBUG - プロヴィンス定義を読み込み: ID=460, RGB=(2,37,240), タイプ=sea, 沿岸=False
2025-05-18 17:44:31,268 - MapData - DEBUG - プロヴィンス定義を読み込み: ID=461, RGB=(2,38,248), タイプ=sea, 沿岸=False
2025-05-18 17:44:31,268 - MapData - DEBUG - プロヴィンス定義を読み込み: ID=462, RGB=(2,39,20), タイプ=land, 沿岸=False
2025-05-18 17:44:31,268 - MapData - DEBUG - プロヴィンス定義を読み込み: ID=463, RGB=(2,39,170), タイプ=land, 沿岸=False
2025-05-18 17:44:31,268 - MapData - DEBUG - プロヴィンス定義を読み込み: ID=464, RGB=(2,39,225), タイプ=land, 沿岸=True
2025-05-18 17:44:31,268 - MapData - DEBUG - プロヴィンス定義を読み込み: ID=465, RGB=(2,39,236), タイプ=sea, 沿岸=False
2025-05-18 17:44:31,269 - MapData - DEBUG - プロヴィンス定義を読み込み: ID=466, RGB=(2,42,85), タイプ=land, 沿岸=False
2025-05-18 17:44:31,269 - MapData - DEBUG - プロヴィンス定義を読み込み: ID=467, RGB=(2,42,135), タイプ=land, 沿岸=False
2025-05-18 17:44:31,269 - MapData - DEBUG - プロヴィンス定義を読み込み: ID=468, RGB=(2,42,190), タイプ=land, 沿岸=False
2025-05-18 17:44:31,269 - MapData - DEBUG - プロヴィンス定義を読み込み: ID=469, RGB=(2,45,50), タイプ=land, 沿岸=False
2025-05-18 17:44:31,269 - MapData - DEBUG - プロヴィンス定義を読み込み: ID=470, RGB=(2,51,80), タイプ=land, 沿岸=False
2025-05-18 17:44:31,269 - MapData - DEBUG - プロヴィンス定義を読み込み: ID=471, RGB=(2,51,130), タイプ=land, 沿岸=False
2025-05-18 17:44:31,269 - MapData - DEBUG - プロヴィンス定義を読み込み: ID=472, RGB=(2,51,185), タイプ=land, 沿岸=False
2025-05-18 17:44:31,269 - MapData - DEBUG - プロヴィンス定義を読み込み: ID=473, RGB=(2,54,45), タイプ=land, 沿岸=False
2025-05-18 17:44:31,269 - MapData - DEBUG - プロヴィンス定義を読み込み: ID=474, RGB=(2,57,10), タイプ=land, 沿岸=False
2025-05-18 17:44:31,269 - MapData - DEBUG - プロヴィンス定義を読み込み: ID=475, RGB=(2,57,65), タイプ=land, 沿岸=True
2025-05-18 17:44:31,270 - MapData - DEBUG - プロヴィンス定義を読み込み: ID=476, RGB=(2,57,215), タイプ=land, 沿岸=False
2025-05-18 17:44:31,270 - MapData - DEBUG - プロヴィンス定義を読み込み: ID=477, RGB=(2,60,30), タイプ=land, 沿岸=False
2025-05-18 17:44:31,270 - MapData - DEBUG - プロヴィンス定義を読み込み: ID=478, RGB=(2,60,75), タイプ=land, 沿岸=False
2025-05-18 17:44:31,270 - MapData - DEBUG - プロヴィンス定義を読み込み: ID=479, RGB=(2,60,180), タイプ=land, 沿岸=False
2025-05-18 17:44:31,270 - MapData - DEBUG - プロヴィンス定義を読み込み: ID=480, RGB=(2,63,40), タイプ=land, 沿岸=True
2025-05-18 17:44:31,270 - MapData - DEBUG - プロヴィンス定義を読み込み: ID=481, RGB=(2,63,95), タイプ=land, 沿岸=False
2025-05-18 17:44:31,270 - MapData - DEBUG - プロヴィンス定義を読み込み: ID=482, RGB=(2,63,145), タイプ=land, 沿岸=False
2025-05-18 17:44:31,270 - MapData - DEBUG - プロヴィンス定義を読み込み: ID=483, RGB=(2,66,5), タイプ=land, 沿岸=False
2025-05-18 17:44:31,270 - MapData - DEBUG - プロヴィンス定義を読み込み: ID=484, RGB=(2,66,60), タイプ=land, 沿岸=False
2025-05-18 17:44:31,270 - MapData - DEBUG - プロヴィンス定義を読み込み: ID=485, RGB=(2,66,210), タイプ=land, 沿岸=True
2025-05-18 17:44:31,270 - MapData - DEBUG - プロヴィンス定義を読み込み: ID=486, RGB=(2,69,25), タイプ=land, 沿岸=False
2025-05-18 17:44:31,270 - MapData - DEBUG - プロヴィンス定義を読み込み: ID=487, RGB=(2,69,175), タイプ=land, 沿岸=False
2025-05-18 17:44:31,270 - MapData - DEBUG - プロヴィンス定義を読み込み: ID=488, RGB=(2,72,90), タイプ=land, 沿岸=False
2025-05-18 17:44:31,270 - MapData - DEBUG - プロヴィンス定義を読み込み: ID=489, RGB=(2,72,140), タイプ=land, 沿岸=False
2025-05-18 17:44:31,270 - MapData - DEBUG - プロヴィンス定義を読み込み: ID=490, RGB=(2,72,195), タイプ=land, 沿岸=True
2025-05-18 17:44:31,270 - MapData - DEBUG - プロヴィンス定義を読み込み: ID=491, RGB=(2,75,55), タイプ=land, 沿岸=False
2025-05-18 17:44:31,270 - MapData - DEBUG - プロヴィンス定義を読み込み: ID=492, RGB=(2,75,160), タイプ=land, 沿岸=False
2025-05-18 17:44:31,270 - MapData - DEBUG - プロヴィンス定義を読み込み: ID=493, RGB=(2,75,205), タイプ=land, 沿岸=False
2025-05-18 17:44:31,271 - MapData - DEBUG - プロヴィンス定義を読み込み: ID=494, RGB=(2,78,20), タイプ=land, 沿岸=False
2025-05-18 17:44:31,271 - MapData - DEBUG - プロヴィンス定義を読み込み: ID=495, RGB=(2,78,170), タイプ=land, 沿岸=False
2025-05-18 17:44:31,271 - MapData - DEBUG - プロヴィンス定義を読み込み: ID=496, RGB=(2,78,225), タイプ=land, 沿岸=False
2025-05-18 17:44:31,271 - MapData - DEBUG - プロヴィンス定義を読み込み: ID=497, RGB=(2,81,135), タイプ=land, 沿岸=False
2025-05-18 17:44:31,271 - MapData - DEBUG - プロヴィンス定義を読み込み: ID=498, RGB=(2,81,190), タイプ=land, 沿岸=False
2025-05-18 17:44:31,271 - MapData - DEBUG - プロヴィンス定義を読み込み: ID=499, RGB=(2,84,50), タイプ=land, 沿岸=False
2025-05-18 17:44:31,271 - MapData - DEBUG - プロヴィンス定義を読み込み: ID=500, RGB=(2,84,155), タイプ=land, 沿岸=False
2025-05-18 17:44:31,271 - MapData - DEBUG - プロヴィンス定義を読み込み: ID=501, RGB=(2,87,15), タイプ=land, 沿岸=False
2025-05-18 17:44:31,271 - MapData - DEBUG - プロヴィンス定義を読み込み: ID=502, RGB=(2,87,220), タイプ=land, 沿岸=False
2025-05-18 17:44:31,271 - MapData - DEBUG - プロヴィンス定義を読み込み: ID=503, RGB=(2,90,35), タイプ=land, 沿岸=False
2025-05-18 17:44:31,271 - MapData - DEBUG - プロヴィンス定義を読み込み: ID=504, RGB=(2,90,185), タイプ=land, 沿岸=False
2025-05-18 17:44:31,271 - MapData - DEBUG - プロヴィンス定義を読み込み: ID=505, RGB=(2,93,0), タイプ=land, 沿岸=True
2025-05-18 17:44:31,272 - MapData - DEBUG - プロヴィンス定義を読み込み: ID=506, RGB=(2,93,150), タイプ=land, 沿岸=False
2025-05-18 17:44:31,272 - MapData - DEBUG - プロヴィンス定義を読み込み: ID=507, RGB=(2,96,10), タイプ=land, 沿岸=False
2025-05-18 17:44:31,272 - MapData - DEBUG - プロヴィンス定義を読み込み: ID=508, RGB=(2,99,180), タイプ=land, 沿岸=False
2025-05-18 17:44:31,272 - MapData - DEBUG - プロヴィンス定義を読み込み: ID=509, RGB=(2,102,95), タイプ=land, 沿岸=False
2025-05-18 17:44:31,272 - MapData - DEBUG - プロヴィンス定義を読み込み: ID=510, RGB=(2,102,145), タイプ=land, 沿岸=False
2025-05-18 17:44:31,272 - MapData - DEBUG - プロヴィンス定義を読み込み: ID=511, RGB=(2,105,60), タイプ=land, 沿岸=False
2025-05-18 17:44:31,272 - MapData - DEBUG - プロヴィンス定義を読み込み: ID=512, RGB=(2,105,165), タイプ=land, 沿岸=False
2025-05-18 17:44:31,272 - MapData - DEBUG - プロヴィンス定義を読み込み: ID=513, RGB=(2,108,25), タイプ=land, 沿岸=False
2025-05-18 17:44:31,272 - MapData - DEBUG - プロヴィンス定義を読み込み: ID=514, RGB=(2,111,90), タイプ=land, 沿岸=False
2025-05-18 17:44:31,272 - MapData - DEBUG - プロヴィンス定義を読み込み: ID=515, RGB=(2,111,195), タイプ=land, 沿岸=False
2025-05-18 17:44:31,272 - MapData - DEBUG - プロヴィンス定義を読み込み: ID=516, RGB=(2,114,55), タイプ=land, 沿岸=False
2025-05-18 17:44:31,272 - MapData - DEBUG - プロヴィンス定義を読み込み: ID=517, RGB=(2,114,160), タイプ=land, 沿岸=False
2025-05-18 17:44:31,272 - MapData - DEBUG - プロヴィンス定義を読み込み: ID=518, RGB=(2,117,20), タイプ=land, 沿岸=False
2025-05-18 17:44:31,272 - MapData - DEBUG - プロヴィンス定義を読み込み: ID=519, RGB=(2,117,75), タイプ=land, 沿岸=False
